[2024-06-21T10:44:19.477790+02:00] installer.INFO: Matched route "{route}". {"route":"installer_home","route_parameters":{"_controller":"OrangeHRM\\Installer\\Controller\\HomeController::handle","_route":"installer_home"},"request_uri":"http://localhost/orangehrm-5.6.1/orangehrm-5.6.1/installer/index.php/","method":"GET"} []
[2024-06-21T10:44:19.726591+02:00] installer.INFO: Matched route "{route}". {"route":"installer_welcome","route_parameters":{"_controller":"OrangeHRM\\Installer\\Controller\\WelcomeController::handle","_route":"installer_welcome"},"request_uri":"http://localhost/orangehrm-5.6.1/orangehrm-5.6.1/installer/index.php/welcome","method":"GET"} []
[2024-06-21T10:44:22.999669+02:00] installer.INFO: Matched route "{route}". {"route":"installer_licence_acceptance","route_parameters":{"_controller":"OrangeHRM\\Installer\\Controller\\Installer\\LicenceAcceptanceController::handle","_route":"installer_licence_acceptance"},"request_uri":"http://localhost/orangehrm-5.6.1/orangehrm-5.6.1/installer/index.php/installer/licence-acceptance","method":"GET"} []
[2024-06-21T10:44:26.016756+02:00] installer.INFO: Matched route "{route}". {"route":"installer_database_config","route_parameters":{"_controller":"OrangeHRM\\Installer\\Controller\\Installer\\DatabaseConfigController::handle","_route":"installer_database_config"},"request_uri":"http://localhost/orangehrm-5.6.1/orangehrm-5.6.1/installer/index.php/installer/database-config","method":"GET"} []
[2024-06-21T10:44:26.164074+02:00] installer.INFO: Matched route "{route}". {"route":"api_installer_database_config","route_parameters":{"_controller":"OrangeHRM\\Installer\\Controller\\Installer\\Api\\DatabaseConfigAPI::handle","_route":"api_installer_database_config"},"request_uri":"http://localhost/orangehrm-5.6.1/orangehrm-5.6.1/installer/index.php/installer/api/database-config","method":"GET"} []
[2024-06-21T10:45:02.308240+02:00] installer.INFO: Matched route "{route}". {"route":"api_installer_database_config","route_parameters":{"_controller":"OrangeHRM\\Installer\\Controller\\Installer\\Api\\DatabaseConfigAPI::handle","_route":"api_installer_database_config"},"request_uri":"http://localhost/orangehrm-5.6.1/orangehrm-5.6.1/installer/index.php/installer/api/database-config","method":"POST"} []
[2024-06-21T10:45:03.664127+02:00] installer.INFO: Matched route "{route}". {"route":"installer_system_check","route_parameters":{"_controller":"OrangeHRM\\Installer\\Controller\\Installer\\SystemCheckController::handle","_route":"installer_system_check"},"request_uri":"http://localhost/orangehrm-5.6.1/orangehrm-5.6.1/installer/index.php/installer/system-check","method":"GET"} []
[2024-06-21T10:45:03.816162+02:00] installer.INFO: Matched route "{route}". {"route":"api_installer_system_check","route_parameters":{"_controller":"OrangeHRM\\Installer\\Controller\\Installer\\Api\\SystemCheckAPI::handle","_route":"api_installer_system_check"},"request_uri":"http://localhost/orangehrm-5.6.1/orangehrm-5.6.1/installer/index.php/installer/api/system-check","method":"GET"} []
[2024-06-21T10:45:05.644172+02:00] installer.INFO: Matched route "{route}". {"route":"installer_instance_creation","route_parameters":{"_controller":"OrangeHRM\\Installer\\Controller\\Installer\\InstanceCreationController::handle","_route":"installer_instance_creation"},"request_uri":"http://localhost/orangehrm-5.6.1/orangehrm-5.6.1/installer/index.php/installer/instance-creation","method":"GET"} []
[2024-06-21T10:45:05.785389+02:00] installer.INFO: Matched route "{route}". {"route":"api_installer_countries","route_parameters":{"_controller":"OrangeHRM\\Installer\\Controller\\Installer\\Api\\CountryAPI::handle","_route":"api_installer_countries"},"request_uri":"http://localhost/orangehrm-5.6.1/orangehrm-5.6.1/installer/index.php/installer/api/countries","method":"GET"} []
[2024-06-21T10:45:05.876002+02:00] installer.INFO: Matched route "{route}". {"route":"api_installer_languages","route_parameters":{"_controller":"OrangeHRM\\Installer\\Controller\\Installer\\Api\\LanguageAPI::handle","_route":"api_installer_languages"},"request_uri":"http://localhost/orangehrm-5.6.1/orangehrm-5.6.1/installer/index.php/installer/api/languages","method":"GET"} []
[2024-06-21T10:45:05.946737+02:00] installer.INFO: Matched route "{route}". {"route":"api_installer_timezones","route_parameters":{"_controller":"OrangeHRM\\Installer\\Controller\\Installer\\Api\\TimezoneAPI::handle","_route":"api_installer_timezones"},"request_uri":"http://localhost/orangehrm-5.6.1/orangehrm-5.6.1/installer/index.php/installer/api/timezones","method":"GET"} []
[2024-06-21T10:45:06.019976+02:00] installer.INFO: Matched route "{route}". {"route":"api_installer_instance","route_parameters":{"_controller":"OrangeHRM\\Installer\\Controller\\Installer\\Api\\InstanceAPI::handle","_route":"api_installer_instance"},"request_uri":"http://localhost/orangehrm-5.6.1/orangehrm-5.6.1/installer/index.php/installer/api/instance","method":"GET"} []
[2024-06-21T10:45:52.161893+02:00] installer.INFO: Matched route "{route}". {"route":"api_installer_instance","route_parameters":{"_controller":"OrangeHRM\\Installer\\Controller\\Installer\\Api\\InstanceAPI::handle","_route":"api_installer_instance"},"request_uri":"http://localhost/orangehrm-5.6.1/orangehrm-5.6.1/installer/index.php/installer/api/instance","method":"POST"} []
[2024-06-21T10:45:52.227551+02:00] installer.INFO: Matched route "{route}". {"route":"installer_admin_user_creation","route_parameters":{"_controller":"OrangeHRM\\Installer\\Controller\\Installer\\AdminUserCreationController::handle","_route":"installer_admin_user_creation"},"request_uri":"http://localhost/orangehrm-5.6.1/orangehrm-5.6.1/installer/index.php/installer/admin-user-creation","method":"GET"} []
[2024-06-21T10:45:52.385669+02:00] installer.INFO: Matched route "{route}". {"route":"api_installer_admin_user","route_parameters":{"_controller":"OrangeHRM\\Installer\\Controller\\Installer\\Api\\AdminUserAPI::handle","_route":"api_installer_admin_user"},"request_uri":"http://localhost/orangehrm-5.6.1/orangehrm-5.6.1/installer/index.php/installer/api/admin-user","method":"GET"} []
[2024-06-21T10:46:20.519377+02:00] installer.INFO: Matched route "{route}". {"route":"api_installer_admin_user","route_parameters":{"_controller":"OrangeHRM\\Installer\\Controller\\Installer\\Api\\AdminUserAPI::handle","_route":"api_installer_admin_user"},"request_uri":"http://localhost/orangehrm-5.6.1/orangehrm-5.6.1/installer/index.php/installer/api/admin-user","method":"POST"} []
[2024-06-21T10:46:20.583089+02:00] installer.INFO: Matched route "{route}". {"route":"installer_confirmation","route_parameters":{"_controller":"OrangeHRM\\Installer\\Controller\\Installer\\ConfirmationController::handle","_route":"installer_confirmation"},"request_uri":"http://localhost/orangehrm-5.6.1/orangehrm-5.6.1/installer/index.php/installer/confirmation","method":"GET"} []
[2024-06-21T10:46:20.740028+02:00] installer.INFO: Matched route "{route}". {"route":"api_installer_database_config","route_parameters":{"_controller":"OrangeHRM\\Installer\\Controller\\Installer\\Api\\DatabaseConfigAPI::handle","_route":"api_installer_database_config"},"request_uri":"http://localhost/orangehrm-5.6.1/orangehrm-5.6.1/installer/index.php/installer/api/database-config","method":"GET"} []
[2024-06-21T10:46:20.791941+02:00] installer.INFO: Matched route "{route}". {"route":"api_installer_admin_user","route_parameters":{"_controller":"OrangeHRM\\Installer\\Controller\\Installer\\Api\\AdminUserAPI::handle","_route":"api_installer_admin_user"},"request_uri":"http://localhost/orangehrm-5.6.1/orangehrm-5.6.1/installer/index.php/installer/api/admin-user","method":"GET"} []
[2024-06-21T10:46:24.835581+02:00] installer.INFO: Matched route "{route}". {"route":"installer_process","route_parameters":{"_controller":"OrangeHRM\\Installer\\Controller\\Installer\\InstallerController::handle","_route":"installer_process"},"request_uri":"http://localhost/orangehrm-5.6.1/orangehrm-5.6.1/installer/index.php/installer/process","method":"GET"} []
[2024-06-21T10:46:24.982858+02:00] installer.INFO: Matched route "{route}". {"route":"api_installer_start_registration","route_parameters":{"_controller":"OrangeHRM\\Installer\\Controller\\Installer\\Api\\InstallerDataRegistrationAPI::handle","_route":"api_installer_start_registration"},"request_uri":"http://localhost/orangehrm-5.6.1/orangehrm-5.6.1/installer/index.php/installer/api/send-data/installer-start","method":"POST"} []
[2024-06-21T10:46:25.106308+02:00] installer.INFO: Matched route "{route}". {"route":"api_installer_database","route_parameters":{"_controller":"OrangeHRM\\Installer\\Controller\\Installer\\Api\\InstallationDatabaseAPI::handle","_route":"api_installer_database"},"request_uri":"http://localhost/orangehrm-5.6.1/orangehrm-5.6.1/installer/index.php/installer/api/installation/database","method":"POST"} []
[2024-06-21T10:46:25.213649+02:00] installer.INFO: Matched route "{route}". {"route":"api_installer_pre_migration_check","route_parameters":{"_controller":"OrangeHRM\\Installer\\Controller\\Installer\\Api\\PreMigrationCheck::handle","_route":"api_installer_pre_migration_check"},"request_uri":"http://localhost/orangehrm-5.6.1/orangehrm-5.6.1/installer/index.php/installer/api/installation/pre-migration","method":"POST"} []
[2024-06-21T10:46:25.326977+02:00] installer.INFO: Instance details: {"os":{"os":"Windows NT","release_name":"10.0","version_info":"build 22631 (Windows 10)"},"php":{"version":"8.0.30"},"mysql":{"client_version":"mysqlnd 8.0.30","server_version":"10.4.32-MariaDB","conn_type":"localhost via TCP\/IP"},"server":"Apache\/2.4.58 (Win64) OpenSSL\/3.1.3 PHP\/8.0.30","ohrm":{"version":"5.6.1"}} [] []
[2024-06-21T10:46:26.312954+02:00] installer.INFO: Matched route "{route}". {"route":"api_installer_versions","route_parameters":{"_controller":"OrangeHRM\\Installer\\Controller\\Installer\\Api\\VersionAPI::handle","_route":"api_installer_versions"},"request_uri":"http://localhost/orangehrm-5.6.1/orangehrm-5.6.1/installer/index.php/installer/api/versions?excludeLatest=false","method":"GET"} []
[2024-06-21T10:46:26.414152+02:00] installer.INFO: Matched route "{route}". {"route":"api_installer_migration","route_parameters":{"_controller":"OrangeHRM\\Installer\\Controller\\Installer\\Api\\MigrationAPI::handle","_route":"api_installer_migration"},"request_uri":"http://localhost/orangehrm-5.6.1/orangehrm-5.6.1/installer/index.php/installer/api/installation/migration","method":"POST"} []
[2024-06-21T10:46:26.493765+02:00] installer.INFO: {"version":"3.3.3"} [] []
[2024-06-21T10:46:26.598077+02:00] installer.INFO: Instance details: {"os":{"os":"Windows NT","release_name":"10.0","version_info":"build 22631 (Windows 10)"},"php":{"version":"8.0.30"},"mysql":{"client_version":"mysqlnd 8.0.30","server_version":"10.4.32-MariaDB","conn_type":"localhost via TCP\/IP"},"server":"Apache\/2.4.58 (Win64) OpenSSL\/3.1.3 PHP\/8.0.30","ohrm":{"version":"5.6.1"}} [] []
[2024-06-21T10:46:26.652816+02:00] installer.INFO: set_time_limit: success [] []
[2024-06-21T10:46:39.599973+02:00] installer.INFO: Matched route "{route}". {"route":"api_installer_migration","route_parameters":{"_controller":"OrangeHRM\\Installer\\Controller\\Installer\\Api\\MigrationAPI::handle","_route":"api_installer_migration"},"request_uri":"http://localhost/orangehrm-5.6.1/orangehrm-5.6.1/installer/index.php/installer/api/installation/migration","method":"POST"} []
[2024-06-21T10:46:39.603460+02:00] installer.INFO: {"version":"4.0"} [] []
[2024-06-21T10:46:39.696640+02:00] installer.INFO: Instance details: {"os":{"os":"Windows NT","release_name":"10.0","version_info":"build 22631 (Windows 10)"},"php":{"version":"8.0.30"},"mysql":{"client_version":"mysqlnd 8.0.30","server_version":"10.4.32-MariaDB","conn_type":"localhost via TCP\/IP"},"server":"Apache\/2.4.58 (Win64) OpenSSL\/3.1.3 PHP\/8.0.30","ohrm":{"version":"5.6.1"}} [] []
[2024-06-21T10:46:39.714366+02:00] installer.INFO: set_time_limit: success [] []
[2024-06-21T10:46:39.878580+02:00] installer.INFO: Matched route "{route}". {"route":"api_installer_migration","route_parameters":{"_controller":"OrangeHRM\\Installer\\Controller\\Installer\\Api\\MigrationAPI::handle","_route":"api_installer_migration"},"request_uri":"http://localhost/orangehrm-5.6.1/orangehrm-5.6.1/installer/index.php/installer/api/installation/migration","method":"POST"} []
[2024-06-21T10:46:39.883844+02:00] installer.INFO: {"version":"4.1"} [] []
[2024-06-21T10:46:39.931701+02:00] installer.INFO: Instance details: {"os":{"os":"Windows NT","release_name":"10.0","version_info":"build 22631 (Windows 10)"},"php":{"version":"8.0.30"},"mysql":{"client_version":"mysqlnd 8.0.30","server_version":"10.4.32-MariaDB","conn_type":"localhost via TCP\/IP"},"server":"Apache\/2.4.58 (Win64) OpenSSL\/3.1.3 PHP\/8.0.30","ohrm":{"version":"5.6.1"}} [] []
[2024-06-21T10:46:39.941361+02:00] installer.INFO: set_time_limit: success [] []
[2024-06-21T10:46:40.508862+02:00] installer.INFO: Matched route "{route}". {"route":"api_installer_migration","route_parameters":{"_controller":"OrangeHRM\\Installer\\Controller\\Installer\\Api\\MigrationAPI::handle","_route":"api_installer_migration"},"request_uri":"http://localhost/orangehrm-5.6.1/orangehrm-5.6.1/installer/index.php/installer/api/installation/migration","method":"POST"} []
[2024-06-21T10:46:40.512210+02:00] installer.INFO: {"version":"4.1.1"} [] []
[2024-06-21T10:46:40.593852+02:00] installer.INFO: Instance details: {"os":{"os":"Windows NT","release_name":"10.0","version_info":"build 22631 (Windows 10)"},"php":{"version":"8.0.30"},"mysql":{"client_version":"mysqlnd 8.0.30","server_version":"10.4.32-MariaDB","conn_type":"localhost via TCP\/IP"},"server":"Apache\/2.4.58 (Win64) OpenSSL\/3.1.3 PHP\/8.0.30","ohrm":{"version":"5.6.1"}} [] []
[2024-06-21T10:46:40.613431+02:00] installer.INFO: set_time_limit: success [] []
[2024-06-21T10:46:40.997848+02:00] installer.INFO: Matched route "{route}". {"route":"api_installer_migration","route_parameters":{"_controller":"OrangeHRM\\Installer\\Controller\\Installer\\Api\\MigrationAPI::handle","_route":"api_installer_migration"},"request_uri":"http://localhost/orangehrm-5.6.1/orangehrm-5.6.1/installer/index.php/installer/api/installation/migration","method":"POST"} []
[2024-06-21T10:46:41.001366+02:00] installer.INFO: {"version":"4.1.2"} [] []
[2024-06-21T10:46:41.066388+02:00] installer.INFO: Instance details: {"os":{"os":"Windows NT","release_name":"10.0","version_info":"build 22631 (Windows 10)"},"php":{"version":"8.0.30"},"mysql":{"client_version":"mysqlnd 8.0.30","server_version":"10.4.32-MariaDB","conn_type":"localhost via TCP\/IP"},"server":"Apache\/2.4.58 (Win64) OpenSSL\/3.1.3 PHP\/8.0.30","ohrm":{"version":"5.6.1"}} [] []
[2024-06-21T10:46:41.134868+02:00] installer.INFO: set_time_limit: success [] []
[2024-06-21T10:46:41.297070+02:00] installer.INFO: Matched route "{route}". {"route":"api_installer_migration","route_parameters":{"_controller":"OrangeHRM\\Installer\\Controller\\Installer\\Api\\MigrationAPI::handle","_route":"api_installer_migration"},"request_uri":"http://localhost/orangehrm-5.6.1/orangehrm-5.6.1/installer/index.php/installer/api/installation/migration","method":"POST"} []
[2024-06-21T10:46:41.300524+02:00] installer.INFO: {"version":"4.1.2.1"} [] []
[2024-06-21T10:46:41.383558+02:00] installer.INFO: Instance details: {"os":{"os":"Windows NT","release_name":"10.0","version_info":"build 22631 (Windows 10)"},"php":{"version":"8.0.30"},"mysql":{"client_version":"mysqlnd 8.0.30","server_version":"10.4.32-MariaDB","conn_type":"localhost via TCP\/IP"},"server":"Apache\/2.4.58 (Win64) OpenSSL\/3.1.3 PHP\/8.0.30","ohrm":{"version":"5.6.1"}} [] []
[2024-06-21T10:46:41.400941+02:00] installer.INFO: set_time_limit: success [] []
[2024-06-21T10:46:41.528686+02:00] installer.INFO: Matched route "{route}". {"route":"api_installer_migration","route_parameters":{"_controller":"OrangeHRM\\Installer\\Controller\\Installer\\Api\\MigrationAPI::handle","_route":"api_installer_migration"},"request_uri":"http://localhost/orangehrm-5.6.1/orangehrm-5.6.1/installer/index.php/installer/api/installation/migration","method":"POST"} []
[2024-06-21T10:46:41.532018+02:00] installer.INFO: {"version":"4.2"} [] []
[2024-06-21T10:46:41.599359+02:00] installer.INFO: Instance details: {"os":{"os":"Windows NT","release_name":"10.0","version_info":"build 22631 (Windows 10)"},"php":{"version":"8.0.30"},"mysql":{"client_version":"mysqlnd 8.0.30","server_version":"10.4.32-MariaDB","conn_type":"localhost via TCP\/IP"},"server":"Apache\/2.4.58 (Win64) OpenSSL\/3.1.3 PHP\/8.0.30","ohrm":{"version":"5.6.1"}} [] []
[2024-06-21T10:46:41.613599+02:00] installer.INFO: set_time_limit: success [] []
[2024-06-21T10:46:42.121280+02:00] installer.INFO: Matched route "{route}". {"route":"api_installer_migration","route_parameters":{"_controller":"OrangeHRM\\Installer\\Controller\\Installer\\Api\\MigrationAPI::handle","_route":"api_installer_migration"},"request_uri":"http://localhost/orangehrm-5.6.1/orangehrm-5.6.1/installer/index.php/installer/api/installation/migration","method":"POST"} []
[2024-06-21T10:46:42.124851+02:00] installer.INFO: {"version":"4.2.0.1"} [] []
[2024-06-21T10:46:42.199717+02:00] installer.INFO: Instance details: {"os":{"os":"Windows NT","release_name":"10.0","version_info":"build 22631 (Windows 10)"},"php":{"version":"8.0.30"},"mysql":{"client_version":"mysqlnd 8.0.30","server_version":"10.4.32-MariaDB","conn_type":"localhost via TCP\/IP"},"server":"Apache\/2.4.58 (Win64) OpenSSL\/3.1.3 PHP\/8.0.30","ohrm":{"version":"5.6.1"}} [] []
[2024-06-21T10:46:42.214120+02:00] installer.INFO: set_time_limit: success [] []
[2024-06-21T10:46:42.339893+02:00] installer.INFO: Matched route "{route}". {"route":"api_installer_migration","route_parameters":{"_controller":"OrangeHRM\\Installer\\Controller\\Installer\\Api\\MigrationAPI::handle","_route":"api_installer_migration"},"request_uri":"http://localhost/orangehrm-5.6.1/orangehrm-5.6.1/installer/index.php/installer/api/installation/migration","method":"POST"} []
[2024-06-21T10:46:42.343296+02:00] installer.INFO: {"version":"4.3"} [] []
[2024-06-21T10:46:42.413433+02:00] installer.INFO: Instance details: {"os":{"os":"Windows NT","release_name":"10.0","version_info":"build 22631 (Windows 10)"},"php":{"version":"8.0.30"},"mysql":{"client_version":"mysqlnd 8.0.30","server_version":"10.4.32-MariaDB","conn_type":"localhost via TCP\/IP"},"server":"Apache\/2.4.58 (Win64) OpenSSL\/3.1.3 PHP\/8.0.30","ohrm":{"version":"5.6.1"}} [] []
[2024-06-21T10:46:42.427260+02:00] installer.INFO: set_time_limit: success [] []
[2024-06-21T10:46:42.608100+02:00] installer.INFO: Matched route "{route}". {"route":"api_installer_migration","route_parameters":{"_controller":"OrangeHRM\\Installer\\Controller\\Installer\\Api\\MigrationAPI::handle","_route":"api_installer_migration"},"request_uri":"http://localhost/orangehrm-5.6.1/orangehrm-5.6.1/installer/index.php/installer/api/installation/migration","method":"POST"} []
[2024-06-21T10:46:42.612019+02:00] installer.INFO: {"version":"4.3.1"} [] []
[2024-06-21T10:46:42.649408+02:00] installer.INFO: Instance details: {"os":{"os":"Windows NT","release_name":"10.0","version_info":"build 22631 (Windows 10)"},"php":{"version":"8.0.30"},"mysql":{"client_version":"mysqlnd 8.0.30","server_version":"10.4.32-MariaDB","conn_type":"localhost via TCP\/IP"},"server":"Apache\/2.4.58 (Win64) OpenSSL\/3.1.3 PHP\/8.0.30","ohrm":{"version":"5.6.1"}} [] []
[2024-06-21T10:46:42.659159+02:00] installer.INFO: set_time_limit: success [] []
[2024-06-21T10:46:42.792793+02:00] installer.INFO: Matched route "{route}". {"route":"api_installer_migration","route_parameters":{"_controller":"OrangeHRM\\Installer\\Controller\\Installer\\Api\\MigrationAPI::handle","_route":"api_installer_migration"},"request_uri":"http://localhost/orangehrm-5.6.1/orangehrm-5.6.1/installer/index.php/installer/api/installation/migration","method":"POST"} []
[2024-06-21T10:46:42.796222+02:00] installer.INFO: {"version":"4.3.2"} [] []
[2024-06-21T10:46:42.842258+02:00] installer.INFO: Instance details: {"os":{"os":"Windows NT","release_name":"10.0","version_info":"build 22631 (Windows 10)"},"php":{"version":"8.0.30"},"mysql":{"client_version":"mysqlnd 8.0.30","server_version":"10.4.32-MariaDB","conn_type":"localhost via TCP\/IP"},"server":"Apache\/2.4.58 (Win64) OpenSSL\/3.1.3 PHP\/8.0.30","ohrm":{"version":"5.6.1"}} [] []
[2024-06-21T10:46:42.853684+02:00] installer.INFO: set_time_limit: success [] []
[2024-06-21T10:46:43.016424+02:00] installer.INFO: Matched route "{route}". {"route":"api_installer_migration","route_parameters":{"_controller":"OrangeHRM\\Installer\\Controller\\Installer\\Api\\MigrationAPI::handle","_route":"api_installer_migration"},"request_uri":"http://localhost/orangehrm-5.6.1/orangehrm-5.6.1/installer/index.php/installer/api/installation/migration","method":"POST"} []
[2024-06-21T10:46:43.020374+02:00] installer.INFO: {"version":"4.3.3"} [] []
[2024-06-21T10:46:43.081560+02:00] installer.INFO: Instance details: {"os":{"os":"Windows NT","release_name":"10.0","version_info":"build 22631 (Windows 10)"},"php":{"version":"8.0.30"},"mysql":{"client_version":"mysqlnd 8.0.30","server_version":"10.4.32-MariaDB","conn_type":"localhost via TCP\/IP"},"server":"Apache\/2.4.58 (Win64) OpenSSL\/3.1.3 PHP\/8.0.30","ohrm":{"version":"5.6.1"}} [] []
[2024-06-21T10:46:43.097449+02:00] installer.INFO: set_time_limit: success [] []
[2024-06-21T10:46:48.763203+02:00] installer.INFO: Matched route "{route}". {"route":"api_installer_migration","route_parameters":{"_controller":"OrangeHRM\\Installer\\Controller\\Installer\\Api\\MigrationAPI::handle","_route":"api_installer_migration"},"request_uri":"http://localhost/orangehrm-5.6.1/orangehrm-5.6.1/installer/index.php/installer/api/installation/migration","method":"POST"} []
[2024-06-21T10:46:48.766626+02:00] installer.INFO: {"version":"4.3.4"} [] []
[2024-06-21T10:46:48.843724+02:00] installer.INFO: Instance details: {"os":{"os":"Windows NT","release_name":"10.0","version_info":"build 22631 (Windows 10)"},"php":{"version":"8.0.30"},"mysql":{"client_version":"mysqlnd 8.0.30","server_version":"10.4.32-MariaDB","conn_type":"localhost via TCP\/IP"},"server":"Apache\/2.4.58 (Win64) OpenSSL\/3.1.3 PHP\/8.0.30","ohrm":{"version":"5.6.1"}} [] []
[2024-06-21T10:46:48.860530+02:00] installer.INFO: set_time_limit: success [] []
[2024-06-21T10:46:49.004177+02:00] installer.INFO: Matched route "{route}". {"route":"api_installer_migration","route_parameters":{"_controller":"OrangeHRM\\Installer\\Controller\\Installer\\Api\\MigrationAPI::handle","_route":"api_installer_migration"},"request_uri":"http://localhost/orangehrm-5.6.1/orangehrm-5.6.1/installer/index.php/installer/api/installation/migration","method":"POST"} []
[2024-06-21T10:46:49.007831+02:00] installer.INFO: {"version":"4.3.5"} [] []
[2024-06-21T10:46:49.064958+02:00] installer.INFO: Instance details: {"os":{"os":"Windows NT","release_name":"10.0","version_info":"build 22631 (Windows 10)"},"php":{"version":"8.0.30"},"mysql":{"client_version":"mysqlnd 8.0.30","server_version":"10.4.32-MariaDB","conn_type":"localhost via TCP\/IP"},"server":"Apache\/2.4.58 (Win64) OpenSSL\/3.1.3 PHP\/8.0.30","ohrm":{"version":"5.6.1"}} [] []
[2024-06-21T10:46:49.082140+02:00] installer.INFO: set_time_limit: success [] []
[2024-06-21T10:46:49.212621+02:00] installer.INFO: Matched route "{route}". {"route":"api_installer_migration","route_parameters":{"_controller":"OrangeHRM\\Installer\\Controller\\Installer\\Api\\MigrationAPI::handle","_route":"api_installer_migration"},"request_uri":"http://localhost/orangehrm-5.6.1/orangehrm-5.6.1/installer/index.php/installer/api/installation/migration","method":"POST"} []
[2024-06-21T10:46:49.216014+02:00] installer.INFO: {"version":"4.4"} [] []
[2024-06-21T10:46:49.297296+02:00] installer.INFO: Instance details: {"os":{"os":"Windows NT","release_name":"10.0","version_info":"build 22631 (Windows 10)"},"php":{"version":"8.0.30"},"mysql":{"client_version":"mysqlnd 8.0.30","server_version":"10.4.32-MariaDB","conn_type":"localhost via TCP\/IP"},"server":"Apache\/2.4.58 (Win64) OpenSSL\/3.1.3 PHP\/8.0.30","ohrm":{"version":"5.6.1"}} [] []
[2024-06-21T10:46:49.307275+02:00] installer.INFO: set_time_limit: success [] []
[2024-06-21T10:46:51.055727+02:00] installer.INFO: Matched route "{route}". {"route":"api_installer_migration","route_parameters":{"_controller":"OrangeHRM\\Installer\\Controller\\Installer\\Api\\MigrationAPI::handle","_route":"api_installer_migration"},"request_uri":"http://localhost/orangehrm-5.6.1/orangehrm-5.6.1/installer/index.php/installer/api/installation/migration","method":"POST"} []
[2024-06-21T10:46:51.059210+02:00] installer.INFO: {"version":"4.5"} [] []
[2024-06-21T10:46:51.136375+02:00] installer.INFO: Instance details: {"os":{"os":"Windows NT","release_name":"10.0","version_info":"build 22631 (Windows 10)"},"php":{"version":"8.0.30"},"mysql":{"client_version":"mysqlnd 8.0.30","server_version":"10.4.32-MariaDB","conn_type":"localhost via TCP\/IP"},"server":"Apache\/2.4.58 (Win64) OpenSSL\/3.1.3 PHP\/8.0.30","ohrm":{"version":"5.6.1"}} [] []
[2024-06-21T10:46:51.148865+02:00] installer.INFO: set_time_limit: success [] []
[2024-06-21T10:46:51.351198+02:00] installer.INFO: Matched route "{route}". {"route":"api_installer_migration","route_parameters":{"_controller":"OrangeHRM\\Installer\\Controller\\Installer\\Api\\MigrationAPI::handle","_route":"api_installer_migration"},"request_uri":"http://localhost/orangehrm-5.6.1/orangehrm-5.6.1/installer/index.php/installer/api/installation/migration","method":"POST"} []
[2024-06-21T10:46:51.354527+02:00] installer.INFO: {"version":"4.6"} [] []
[2024-06-21T10:46:51.431209+02:00] installer.INFO: Instance details: {"os":{"os":"Windows NT","release_name":"10.0","version_info":"build 22631 (Windows 10)"},"php":{"version":"8.0.30"},"mysql":{"client_version":"mysqlnd 8.0.30","server_version":"10.4.32-MariaDB","conn_type":"localhost via TCP\/IP"},"server":"Apache\/2.4.58 (Win64) OpenSSL\/3.1.3 PHP\/8.0.30","ohrm":{"version":"5.6.1"}} [] []
[2024-06-21T10:46:51.448229+02:00] installer.INFO: set_time_limit: success [] []
[2024-06-21T10:46:54.195544+02:00] installer.INFO: Matched route "{route}". {"route":"api_installer_migration","route_parameters":{"_controller":"OrangeHRM\\Installer\\Controller\\Installer\\Api\\MigrationAPI::handle","_route":"api_installer_migration"},"request_uri":"http://localhost/orangehrm-5.6.1/orangehrm-5.6.1/installer/index.php/installer/api/installation/migration","method":"POST"} []
[2024-06-21T10:46:54.199212+02:00] installer.INFO: {"version":"4.6.0.1"} [] []
[2024-06-21T10:46:54.275880+02:00] installer.INFO: Instance details: {"os":{"os":"Windows NT","release_name":"10.0","version_info":"build 22631 (Windows 10)"},"php":{"version":"8.0.30"},"mysql":{"client_version":"mysqlnd 8.0.30","server_version":"10.4.32-MariaDB","conn_type":"localhost via TCP\/IP"},"server":"Apache\/2.4.58 (Win64) OpenSSL\/3.1.3 PHP\/8.0.30","ohrm":{"version":"5.6.1"}} [] []
[2024-06-21T10:46:54.287352+02:00] installer.INFO: set_time_limit: success [] []
[2024-06-21T10:46:54.423796+02:00] installer.INFO: Matched route "{route}". {"route":"api_installer_migration","route_parameters":{"_controller":"OrangeHRM\\Installer\\Controller\\Installer\\Api\\MigrationAPI::handle","_route":"api_installer_migration"},"request_uri":"http://localhost/orangehrm-5.6.1/orangehrm-5.6.1/installer/index.php/installer/api/installation/migration","method":"POST"} []
[2024-06-21T10:46:54.427306+02:00] installer.INFO: {"version":"4.7"} [] []
[2024-06-21T10:46:54.490055+02:00] installer.INFO: Instance details: {"os":{"os":"Windows NT","release_name":"10.0","version_info":"build 22631 (Windows 10)"},"php":{"version":"8.0.30"},"mysql":{"client_version":"mysqlnd 8.0.30","server_version":"10.4.32-MariaDB","conn_type":"localhost via TCP\/IP"},"server":"Apache\/2.4.58 (Win64) OpenSSL\/3.1.3 PHP\/8.0.30","ohrm":{"version":"5.6.1"}} [] []
[2024-06-21T10:46:54.497960+02:00] installer.INFO: set_time_limit: success [] []
[2024-06-21T10:46:54.620736+02:00] installer.INFO: Matched route "{route}". {"route":"api_installer_migration","route_parameters":{"_controller":"OrangeHRM\\Installer\\Controller\\Installer\\Api\\MigrationAPI::handle","_route":"api_installer_migration"},"request_uri":"http://localhost/orangehrm-5.6.1/orangehrm-5.6.1/installer/index.php/installer/api/installation/migration","method":"POST"} []
[2024-06-21T10:46:54.624330+02:00] installer.INFO: {"version":"4.8"} [] []
[2024-06-21T10:46:54.673685+02:00] installer.INFO: Instance details: {"os":{"os":"Windows NT","release_name":"10.0","version_info":"build 22631 (Windows 10)"},"php":{"version":"8.0.30"},"mysql":{"client_version":"mysqlnd 8.0.30","server_version":"10.4.32-MariaDB","conn_type":"localhost via TCP\/IP"},"server":"Apache\/2.4.58 (Win64) OpenSSL\/3.1.3 PHP\/8.0.30","ohrm":{"version":"5.6.1"}} [] []
[2024-06-21T10:46:54.683682+02:00] installer.INFO: set_time_limit: success [] []
[2024-06-21T10:46:54.855762+02:00] installer.INFO: Matched route "{route}". {"route":"api_installer_migration","route_parameters":{"_controller":"OrangeHRM\\Installer\\Controller\\Installer\\Api\\MigrationAPI::handle","_route":"api_installer_migration"},"request_uri":"http://localhost/orangehrm-5.6.1/orangehrm-5.6.1/installer/index.php/installer/api/installation/migration","method":"POST"} []
[2024-06-21T10:46:54.859868+02:00] installer.INFO: {"version":"4.9"} [] []
[2024-06-21T10:46:54.918509+02:00] installer.INFO: Instance details: {"os":{"os":"Windows NT","release_name":"10.0","version_info":"build 22631 (Windows 10)"},"php":{"version":"8.0.30"},"mysql":{"client_version":"mysqlnd 8.0.30","server_version":"10.4.32-MariaDB","conn_type":"localhost via TCP\/IP"},"server":"Apache\/2.4.58 (Win64) OpenSSL\/3.1.3 PHP\/8.0.30","ohrm":{"version":"5.6.1"}} [] []
[2024-06-21T10:46:54.927840+02:00] installer.INFO: set_time_limit: success [] []
[2024-06-21T10:46:55.170873+02:00] installer.INFO: Matched route "{route}". {"route":"api_installer_migration","route_parameters":{"_controller":"OrangeHRM\\Installer\\Controller\\Installer\\Api\\MigrationAPI::handle","_route":"api_installer_migration"},"request_uri":"http://localhost/orangehrm-5.6.1/orangehrm-5.6.1/installer/index.php/installer/api/installation/migration","method":"POST"} []
[2024-06-21T10:46:55.174209+02:00] installer.INFO: {"version":"4.10"} [] []
[2024-06-21T10:46:55.230087+02:00] installer.INFO: Instance details: {"os":{"os":"Windows NT","release_name":"10.0","version_info":"build 22631 (Windows 10)"},"php":{"version":"8.0.30"},"mysql":{"client_version":"mysqlnd 8.0.30","server_version":"10.4.32-MariaDB","conn_type":"localhost via TCP\/IP"},"server":"Apache\/2.4.58 (Win64) OpenSSL\/3.1.3 PHP\/8.0.30","ohrm":{"version":"5.6.1"}} [] []
[2024-06-21T10:46:55.238955+02:00] installer.INFO: set_time_limit: success [] []
[2024-06-21T10:46:55.357464+02:00] installer.INFO: Matched route "{route}". {"route":"api_installer_migration","route_parameters":{"_controller":"OrangeHRM\\Installer\\Controller\\Installer\\Api\\MigrationAPI::handle","_route":"api_installer_migration"},"request_uri":"http://localhost/orangehrm-5.6.1/orangehrm-5.6.1/installer/index.php/installer/api/installation/migration","method":"POST"} []
[2024-06-21T10:46:55.360822+02:00] installer.INFO: {"version":"4.10.1"} [] []
[2024-06-21T10:46:55.416691+02:00] installer.INFO: Instance details: {"os":{"os":"Windows NT","release_name":"10.0","version_info":"build 22631 (Windows 10)"},"php":{"version":"8.0.30"},"mysql":{"client_version":"mysqlnd 8.0.30","server_version":"10.4.32-MariaDB","conn_type":"localhost via TCP\/IP"},"server":"Apache\/2.4.58 (Win64) OpenSSL\/3.1.3 PHP\/8.0.30","ohrm":{"version":"5.6.1"}} [] []
[2024-06-21T10:46:55.425630+02:00] installer.INFO: set_time_limit: success [] []
[2024-06-21T10:46:55.541746+02:00] installer.INFO: Matched route "{route}". {"route":"api_installer_migration","route_parameters":{"_controller":"OrangeHRM\\Installer\\Controller\\Installer\\Api\\MigrationAPI::handle","_route":"api_installer_migration"},"request_uri":"http://localhost/orangehrm-5.6.1/orangehrm-5.6.1/installer/index.php/installer/api/installation/migration","method":"POST"} []
[2024-06-21T10:46:55.545076+02:00] installer.INFO: {"version":"5.0"} [] []
[2024-06-21T10:46:55.589592+02:00] installer.INFO: Instance details: {"os":{"os":"Windows NT","release_name":"10.0","version_info":"build 22631 (Windows 10)"},"php":{"version":"8.0.30"},"mysql":{"client_version":"mysqlnd 8.0.30","server_version":"10.4.32-MariaDB","conn_type":"localhost via TCP\/IP"},"server":"Apache\/2.4.58 (Win64) OpenSSL\/3.1.3 PHP\/8.0.30","ohrm":{"version":"5.6.1"}} [] []
[2024-06-21T10:46:55.597385+02:00] installer.INFO: set_time_limit: success [] []
[2024-06-21T10:46:57.871720+02:00] installer.INFO: set_time_limit: success [] []
[2024-06-21T10:47:43.142121+02:00] installer.INFO: Matched route "{route}". {"route":"api_installer_migration","route_parameters":{"_controller":"OrangeHRM\\Installer\\Controller\\Installer\\Api\\MigrationAPI::handle","_route":"api_installer_migration"},"request_uri":"http://localhost/orangehrm-5.6.1/orangehrm-5.6.1/installer/index.php/installer/api/installation/migration","method":"POST"} []
[2024-06-21T10:47:43.146013+02:00] installer.INFO: {"version":"5.1"} [] []
[2024-06-21T10:47:43.216449+02:00] installer.INFO: Instance details: {"os":{"os":"Windows NT","release_name":"10.0","version_info":"build 22631 (Windows 10)"},"php":{"version":"8.0.30"},"mysql":{"client_version":"mysqlnd 8.0.30","server_version":"10.4.32-MariaDB","conn_type":"localhost via TCP\/IP"},"server":"Apache\/2.4.58 (Win64) OpenSSL\/3.1.3 PHP\/8.0.30","ohrm":{"version":"5.6.1"}} [] []
[2024-06-21T10:47:43.232236+02:00] installer.INFO: set_time_limit: success [] []
[2024-06-21T10:47:50.776748+02:00] installer.INFO: Matched route "{route}". {"route":"api_installer_migration","route_parameters":{"_controller":"OrangeHRM\\Installer\\Controller\\Installer\\Api\\MigrationAPI::handle","_route":"api_installer_migration"},"request_uri":"http://localhost/orangehrm-5.6.1/orangehrm-5.6.1/installer/index.php/installer/api/installation/migration","method":"POST"} []
[2024-06-21T10:47:50.780629+02:00] installer.INFO: {"version":"5.2"} [] []
[2024-06-21T10:47:50.817217+02:00] installer.INFO: Instance details: {"os":{"os":"Windows NT","release_name":"10.0","version_info":"build 22631 (Windows 10)"},"php":{"version":"8.0.30"},"mysql":{"client_version":"mysqlnd 8.0.30","server_version":"10.4.32-MariaDB","conn_type":"localhost via TCP\/IP"},"server":"Apache\/2.4.58 (Win64) OpenSSL\/3.1.3 PHP\/8.0.30","ohrm":{"version":"5.6.1"}} [] []
[2024-06-21T10:47:50.828635+02:00] installer.INFO: set_time_limit: success [] []
[2024-06-21T10:47:55.026290+02:00] installer.INFO: Deleting invalid config values [] []
[2024-06-21T10:47:55.102906+02:00] installer.INFO: Deleting: `https://opensourcehelp.orangehrm.com` => `` from `hs_hr_config` [] []
[2024-06-21T10:47:55.182183+02:00] installer.INFO: Deleting: `ZendeskHelpProcessor` => `` from `hs_hr_config` [] []
[2024-06-21T10:47:55.182547+02:00] installer.INFO: Deleting legacy config values [] []
[2024-06-21T10:47:55.259553+02:00] installer.INFO: Deleting: `ldap_domain_name` => `` from `hs_hr_config` [] []
[2024-06-21T10:47:55.335624+02:00] installer.INFO: Deleting: `ldap_port` => `` from `hs_hr_config` [] []
[2024-06-21T10:47:55.411382+02:00] installer.INFO: Deleting: `ldap_server` => `` from `hs_hr_config` [] []
[2024-06-21T10:47:55.484854+02:00] installer.INFO: Deleting: `ldap_status` => `` from `hs_hr_config` [] []
[2024-06-21T10:47:55.570221+02:00] installer.INFO: Deleting: `beacon.activation_acceptance_status` => `off` from `hs_hr_config` [] []
[2024-06-21T10:47:55.661351+02:00] installer.INFO: Deleting: `beacon.activiation_status` => `off` from `hs_hr_config` [] []
[2024-06-21T10:47:55.748547+02:00] installer.INFO: Deleting: `beacon.company_name` => `` from `hs_hr_config` [] []
[2024-06-21T10:47:55.826856+02:00] installer.INFO: Deleting: `beacon.flash_period` => `120` from `hs_hr_config` [] []
[2024-06-21T10:47:55.909942+02:00] installer.INFO: Deleting: `beacon.lock` => `unlocked` from `hs_hr_config` [] []
[2024-06-21T10:47:55.987048+02:00] installer.INFO: Deleting: `beacon.next_flash_time` => `0000-00-00` from `hs_hr_config` [] []
[2024-06-21T10:47:56.063072+02:00] installer.INFO: Deleting: `beacon.uuid` => `0` from `hs_hr_config` [] []
[2024-06-21T10:47:56.136998+02:00] installer.INFO: Deleting: `showSIN` => `0` from `hs_hr_config` [] []
[2024-06-21T10:47:56.207700+02:00] installer.INFO: Deleting: `showSSN` => `0` from `hs_hr_config` [] []
[2024-06-21T10:47:56.278414+02:00] installer.INFO: Deleting: `showTaxExemptions` => `0` from `hs_hr_config` [] []
[2024-06-21T10:47:56.348442+02:00] installer.INFO: Deleting: `report.mysql_group_concat_max_len` => `2048` from `hs_hr_config` [] []
[2024-06-21T10:47:56.420208+02:00] installer.INFO: Deleting: `attendanceEmpEditSubmitted` => `No` from `hs_hr_config` [] []
[2024-06-21T10:47:56.491922+02:00] installer.INFO: Deleting: `attendanceSupEditSubmitted` => `No` from `hs_hr_config` [] []
[2024-06-21T10:47:56.566992+02:00] installer.INFO: Deleting: `hsp_accrued_last_updated` => `0000-00-00` from `hs_hr_config` [] []
[2024-06-21T10:47:56.639854+02:00] installer.INFO: Deleting: `hsp_current_plan` => `0` from `hs_hr_config` [] []
[2024-06-21T10:47:56.708169+02:00] installer.INFO: Deleting: `hsp_used_last_updated` => `0000-00-00` from `hs_hr_config` [] []
[2024-06-21T10:47:56.821892+02:00] installer.INFO: Matched route "{route}". {"route":"api_installer_migration","route_parameters":{"_controller":"OrangeHRM\\Installer\\Controller\\Installer\\Api\\MigrationAPI::handle","_route":"api_installer_migration"},"request_uri":"http://localhost/orangehrm-5.6.1/orangehrm-5.6.1/installer/index.php/installer/api/installation/migration","method":"POST"} []
[2024-06-21T10:47:56.825263+02:00] installer.INFO: {"version":"5.3"} [] []
[2024-06-21T10:47:56.858132+02:00] installer.INFO: Instance details: {"os":{"os":"Windows NT","release_name":"10.0","version_info":"build 22631 (Windows 10)"},"php":{"version":"8.0.30"},"mysql":{"client_version":"mysqlnd 8.0.30","server_version":"10.4.32-MariaDB","conn_type":"localhost via TCP\/IP"},"server":"Apache\/2.4.58 (Win64) OpenSSL\/3.1.3 PHP\/8.0.30","ohrm":{"version":"5.6.1"}} [] []
[2024-06-21T10:47:56.867549+02:00] installer.INFO: set_time_limit: success [] []
[2024-06-21T10:48:00.122527+02:00] installer.INFO: Server timezone: Europe/Berlin [] []
[2024-06-21T10:48:00.124346+02:00] installer.INFO: `ohrm_buzz_comment` record count: 0 [] []
[2024-06-21T10:48:00.126192+02:00] installer.INFO: `ohrm_buzz_like_on_comment` record count: 0 [] []
[2024-06-21T10:48:00.127409+02:00] installer.INFO: `ohrm_buzz_like_on_share` record count: 0 [] []
[2024-06-21T10:48:00.128488+02:00] installer.INFO: `ohrm_buzz_post` record count: 0 [] []
[2024-06-21T10:48:00.129534+02:00] installer.INFO: `ohrm_buzz_share` record count: 0 [] []
[2024-06-21T10:48:00.647651+02:00] installer.INFO: `ohrm_buzz_link` record count: 0 [] []
[2024-06-21T10:48:00.648421+02:00] installer.INFO: Deleting legacy Buzz config values [] []
[2024-06-21T10:48:00.727090+02:00] installer.INFO: Deleting: `buzz_comment_text_lenth` => `250` from `hs_hr_config` [] []
[2024-06-21T10:48:00.806758+02:00] installer.INFO: Deleting: `buzz_cookie_valid_time` => `5000` from `hs_hr_config` [] []
[2024-06-21T10:48:00.880839+02:00] installer.INFO: Deleting: `buzz_image_max_dimension` => `1024` from `hs_hr_config` [] []
[2024-06-21T10:48:00.957952+02:00] installer.INFO: Deleting: `buzz_initial_comments` => `2` from `hs_hr_config` [] []
[2024-06-21T10:48:01.035849+02:00] installer.INFO: Deleting: `buzz_like_count` => `5` from `hs_hr_config` [] []
[2024-06-21T10:48:01.117438+02:00] installer.INFO: Deleting: `buzz_max_notification_period` => `-1 week` from `hs_hr_config` [] []
[2024-06-21T10:48:01.199674+02:00] installer.INFO: Deleting: `buzz_most_like_posts` => `5` from `hs_hr_config` [] []
[2024-06-21T10:48:01.280351+02:00] installer.INFO: Deleting: `buzz_most_like_shares` => `5` from `hs_hr_config` [] []
[2024-06-21T10:48:01.357318+02:00] installer.INFO: Deleting: `buzz_post_text_lenth` => `500` from `hs_hr_config` [] []
[2024-06-21T10:48:01.435526+02:00] installer.INFO: Deleting: `buzz_post_text_lines` => `5` from `hs_hr_config` [] []
[2024-06-21T10:48:01.510695+02:00] installer.INFO: Deleting: `buzz_refresh_time` => `60000` from `hs_hr_config` [] []
[2024-06-21T10:48:01.591060+02:00] installer.INFO: Deleting: `buzz_share_count` => `10` from `hs_hr_config` [] []
[2024-06-21T10:48:01.673493+02:00] installer.INFO: Deleting: `buzz_time_format` => `h:i a` from `hs_hr_config` [] []
[2024-06-21T10:48:01.760358+02:00] installer.INFO: Deleting: `buzz_viewmore_comment` => `5` from `hs_hr_config` [] []
[2024-06-21T10:48:01.890618+02:00] installer.INFO: Matched route "{route}". {"route":"api_installer_migration","route_parameters":{"_controller":"OrangeHRM\\Installer\\Controller\\Installer\\Api\\MigrationAPI::handle","_route":"api_installer_migration"},"request_uri":"http://localhost/orangehrm-5.6.1/orangehrm-5.6.1/installer/index.php/installer/api/installation/migration","method":"POST"} []
[2024-06-21T10:48:01.894115+02:00] installer.INFO: {"version":"5.4"} [] []
[2024-06-21T10:48:01.931302+02:00] installer.INFO: Instance details: {"os":{"os":"Windows NT","release_name":"10.0","version_info":"build 22631 (Windows 10)"},"php":{"version":"8.0.30"},"mysql":{"client_version":"mysqlnd 8.0.30","server_version":"10.4.32-MariaDB","conn_type":"localhost via TCP\/IP"},"server":"Apache\/2.4.58 (Win64) OpenSSL\/3.1.3 PHP\/8.0.30","ohrm":{"version":"5.6.1"}} [] []
[2024-06-21T10:48:01.940909+02:00] installer.INFO: set_time_limit: success [] []
[2024-06-21T10:48:02.964650+02:00] installer.INFO: Deleting: `authentication.default_required_password_strength` => `strong` from `hs_hr_config` [] []
[2024-06-21T10:48:03.157925+02:00] installer.INFO: Deleting: `authentication.enforce_password_strength` => `on` from `hs_hr_config` [] []
[2024-06-21T10:48:04.137723+02:00] installer.INFO: Matched route "{route}". {"route":"api_installer_migration","route_parameters":{"_controller":"OrangeHRM\\Installer\\Controller\\Installer\\Api\\MigrationAPI::handle","_route":"api_installer_migration"},"request_uri":"http://localhost/orangehrm-5.6.1/orangehrm-5.6.1/installer/index.php/installer/api/installation/migration","method":"POST"} []
[2024-06-21T10:48:04.141174+02:00] installer.INFO: {"version":"5.5"} [] []
[2024-06-21T10:48:04.189413+02:00] installer.INFO: Instance details: {"os":{"os":"Windows NT","release_name":"10.0","version_info":"build 22631 (Windows 10)"},"php":{"version":"8.0.30"},"mysql":{"client_version":"mysqlnd 8.0.30","server_version":"10.4.32-MariaDB","conn_type":"localhost via TCP\/IP"},"server":"Apache\/2.4.58 (Win64) OpenSSL\/3.1.3 PHP\/8.0.30","ohrm":{"version":"5.6.1"}} [] []
[2024-06-21T10:48:04.200306+02:00] installer.INFO: set_time_limit: success [] []
[2024-06-21T10:48:07.286416+02:00] installer.INFO: Matched route "{route}". {"route":"api_installer_migration","route_parameters":{"_controller":"OrangeHRM\\Installer\\Controller\\Installer\\Api\\MigrationAPI::handle","_route":"api_installer_migration"},"request_uri":"http://localhost/orangehrm-5.6.1/orangehrm-5.6.1/installer/index.php/installer/api/installation/migration","method":"POST"} []
[2024-06-21T10:48:07.289727+02:00] installer.INFO: {"version":"5.6"} [] []
[2024-06-21T10:48:07.332055+02:00] installer.INFO: Instance details: {"os":{"os":"Windows NT","release_name":"10.0","version_info":"build 22631 (Windows 10)"},"php":{"version":"8.0.30"},"mysql":{"client_version":"mysqlnd 8.0.30","server_version":"10.4.32-MariaDB","conn_type":"localhost via TCP\/IP"},"server":"Apache\/2.4.58 (Win64) OpenSSL\/3.1.3 PHP\/8.0.30","ohrm":{"version":"5.6.1"}} [] []
[2024-06-21T10:48:07.341964+02:00] installer.INFO: set_time_limit: success [] []
[2024-06-21T10:48:08.024345+02:00] installer.INFO: Matched route "{route}". {"route":"api_installer_migration","route_parameters":{"_controller":"OrangeHRM\\Installer\\Controller\\Installer\\Api\\MigrationAPI::handle","_route":"api_installer_migration"},"request_uri":"http://localhost/orangehrm-5.6.1/orangehrm-5.6.1/installer/index.php/installer/api/installation/migration","method":"POST"} []
[2024-06-21T10:48:08.027611+02:00] installer.INFO: {"version":"5.6.1"} [] []
[2024-06-21T10:48:08.066010+02:00] installer.INFO: Instance details: {"os":{"os":"Windows NT","release_name":"10.0","version_info":"build 22631 (Windows 10)"},"php":{"version":"8.0.30"},"mysql":{"client_version":"mysqlnd 8.0.30","server_version":"10.4.32-MariaDB","conn_type":"localhost via TCP\/IP"},"server":"Apache\/2.4.58 (Win64) OpenSSL\/3.1.3 PHP\/8.0.30","ohrm":{"version":"5.6.1"}} [] []
[2024-06-21T10:48:08.073935+02:00] installer.INFO: set_time_limit: success [] []
[2024-06-21T10:48:08.207298+02:00] installer.INFO: Matched route "{route}". {"route":"api_installer_instance_creation","route_parameters":{"_controller":"OrangeHRM\\Installer\\Controller\\Installer\\Api\\InstallationInstanceAPI::handle","_route":"api_installer_instance_creation"},"request_uri":"http://localhost/orangehrm-5.6.1/orangehrm-5.6.1/installer/index.php/installer/api/installation/instance","method":"POST"} []
[2024-06-21T10:48:08.245105+02:00] installer.INFO: Instance details: {"os":{"os":"Windows NT","release_name":"10.0","version_info":"build 22631 (Windows 10)"},"php":{"version":"8.0.30"},"mysql":{"client_version":"mysqlnd 8.0.30","server_version":"10.4.32-MariaDB","conn_type":"localhost via TCP\/IP"},"server":"Apache\/2.4.58 (Win64) OpenSSL\/3.1.3 PHP\/8.0.30","ohrm":{"version":"5.6.1"}} [] []
[2024-06-21T10:48:08.771804+02:00] installer.INFO: Matched route "{route}". {"route":"api_installer_database_user","route_parameters":{"_controller":"OrangeHRM\\Installer\\Controller\\Installer\\Api\\InstallationDatabaseUserAPI::handle","_route":"api_installer_database_user"},"request_uri":"http://localhost/orangehrm-5.6.1/orangehrm-5.6.1/installer/index.php/installer/api/installation/database-user","method":"POST"} []
[2024-06-21T10:48:08.829020+02:00] installer.INFO: Matched route "{route}". {"route":"api_installer_write_config","route_parameters":{"_controller":"OrangeHRM\\Installer\\Controller\\Installer\\Api\\ConfigFileAPI::handle","_route":"api_installer_write_config"},"request_uri":"http://localhost/orangehrm-5.6.1/orangehrm-5.6.1/installer/index.php/installer/api/installation/config-file","method":"POST"} []
[2024-06-21T10:48:19.961772+02:00] installer.INFO: Matched route "{route}". {"route":"installer_complete","route_parameters":{"_controller":"OrangeHRM\\Installer\\Controller\\Installer\\InstallerCompleteController::handle","_route":"installer_complete"},"request_uri":"http://localhost/orangehrm-5.6.1/orangehrm-5.6.1/installer/index.php/installer/complete","method":"GET"} []
[2024-06-21T10:48:19.998819+02:00] installer.INFO: OrangeHRM 5.6.1 status: true [] []
[2024-06-21T10:48:21.568462+02:00] installer.INFO: Matched route "{route}". {"route":"installer_home","route_parameters":{"_controller":"OrangeHRM\\Installer\\Controller\\HomeController::handle","_route":"installer_home"},"request_uri":"http://localhost/orangehrm-5.6.1/orangehrm-5.6.1/installer/index.php/","method":"GET"} []
